c:\users\jaker\documents\github\pgg-assignment\pgg_flyingteapot\release\vc140.pdb
c:\users\jaker\documents\github\pgg-assignment\pgg_flyingteapot\release\stars.obj
c:\users\jaker\documents\github\pgg-assignment\pgg_flyingteapot\release\score.obj
c:\users\jaker\documents\github\pgg-assignment\pgg_flyingteapot\release\scene.obj
c:\users\jaker\documents\github\pgg-assignment\pgg_flyingteapot\release\player.obj
c:\users\jaker\documents\github\pgg-assignment\pgg_flyingteapot\release\mesh.obj
c:\users\jaker\documents\github\pgg-assignment\pgg_flyingteapot\release\material.obj
c:\users\jaker\documents\github\pgg-assignment\pgg_flyingteapot\release\main.obj
c:\users\jaker\documents\github\pgg-assignment\pgg_flyingteapot\release\laser.obj
c:\users\jaker\documents\github\pgg-assignment\pgg_flyingteapot\release\gameobject.obj
c:\users\jaker\documents\github\pgg-assignment\pgg_flyingteapot\release\asteroid.obj
c:\users\jaker\documents\github\pgg-assignment\pgg_flyingteapot\release\glew.obj
d:\documents\university\year 2\pgg\pgg assignment\pgg_flyingteapot\release\vc140.pdb
d:\documents\university\year 2\pgg\pgg assignment\pgg_flyingteapot\release\stars.obj
d:\documents\university\year 2\pgg\pgg assignment\pgg_flyingteapot\release\scene.obj
d:\documents\university\year 2\pgg\pgg assignment\pgg_flyingteapot\release\player.obj
d:\documents\university\year 2\pgg\pgg assignment\pgg_flyingteapot\release\mesh.obj
d:\documents\university\year 2\pgg\pgg assignment\pgg_flyingteapot\release\material.obj
d:\documents\university\year 2\pgg\pgg assignment\pgg_flyingteapot\release\main.obj
d:\documents\university\year 2\pgg\pgg assignment\pgg_flyingteapot\release\laser.obj
d:\documents\university\year 2\pgg\pgg assignment\pgg_flyingteapot\release\gameobject.obj
d:\documents\university\year 2\pgg\pgg assignment\pgg_flyingteapot\release\asteroid.obj
d:\documents\university\year 2\pgg\pgg assignment\pgg_flyingteapot\release\glew.obj
c:\users\jaker\documents\github\pgg-assignment\release\pgg_flyingteapot.exe
c:\users\jaker\documents\github\pgg-assignment\release\pgg_flyingteapot.ipdb
c:\users\jaker\documents\github\pgg-assignment\release\pgg_flyingteapot.iobj
c:\users\jaker\documents\github\pgg-assignment\release\pgg_flyingteapot.pdb
d:\documents\university\year 2\pgg\pgg assignment\release\pgg_flyingteapot.exe
d:\documents\university\year 2\pgg\pgg assignment\release\pgg_flyingteapot.ipdb
d:\documents\university\year 2\pgg\pgg assignment\release\pgg_flyingteapot.iobj
d:\documents\university\year 2\pgg\pgg assignment\release\pgg_flyingteapot.pdb
d:\documents\university\year 2\pgg\pgg assignment\pgg_flyingteapot\release\cube.obj
d:\documents\university\year 2\pgg\pgg assignment\pgg_flyingteapot\release\score.obj
d:\documents\university\year 2\pgg\pgg assignment\pgg_flyingteapot\release\pgg_flyingteapot.tlog\cl.command.1.tlog
d:\documents\university\year 2\pgg\pgg assignment\pgg_flyingteapot\release\pgg_flyingteapot.tlog\cl.read.1.tlog
d:\documents\university\year 2\pgg\pgg assignment\pgg_flyingteapot\release\pgg_flyingteapot.tlog\cl.write.1.tlog
d:\documents\university\year 2\pgg\pgg assignment\pgg_flyingteapot\release\pgg_flyingteapot.tlog\link.command.1.tlog
d:\documents\university\year 2\pgg\pgg assignment\pgg_flyingteapot\release\pgg_flyingteapot.tlog\link.read.1.tlog
d:\documents\university\year 2\pgg\pgg assignment\pgg_flyingteapot\release\pgg_flyingteapot.tlog\link.write.1.tlog
